[0.937s] DEBUG:colcon:Command line arguments: ['/usr/bin/colcon', 'build']
[0.937s] DEBUG:colcon:Parsed command line arguments: Namespace(ament_cmake_args=None, base_paths=['.'], build_base='build', catkin_cmake_args=None, catkin_skip_building_tests=False, cmake_args=None, cmake_clean_cache=False, cmake_clean_first=False, cmake_force_configure=False, cmake_target=None, cmake_target_skip_unavailable=False, continue_on_error=False, event_handlers=None, executor='parallel', ignore_user_meta=False, install_base='install', log_base=None, log_level=None, main=<bound method BuildVerb.main of <colcon_core.verb.build.BuildVerb object at 0x799ee21bd6a0>>, merge_install=False, metas=['./colcon.meta'], mixin=None, mixin_files=None, mixin_verb=('build',), packages_above=None, packages_above_and_dependencies=None, packages_above_depth=None, packages_end=None, packages_ignore=None, packages_ignore_regex=None, packages_select=None, packages_select_build_failed=False, packages_select_by_dep=None, packages_select_regex=None, packages_select_test_failures=False, packages_skip=None, packages_skip_build_finished=False, packages_skip_by_dep=None, packages_skip_regex=None, packages_skip_test_passed=False, packages_skip_up_to=None, packages_start=None, packages_up_to=None, packages_up_to_regex=None, parallel_workers=8, paths=None, symlink_install=False, test_result_base=None, verb_extension=<colcon_core.verb.build.BuildVerb object at 0x799ee21bd6a0>, verb_name='build', verb_parser=<colcon_mixin.mixin.mixin_argument.MixinArgumentDecorator object at 0x799ee21bdd00>)
[1.065s] Level 1:colcon.colcon_core.package_discovery:discover_packages(colcon_meta) check parameters
[1.068s] INFO:colcon.colcon_metadata.package_discovery.colcon_meta:Using configuration from '/root/.colcon/metadata/default/Gazebo.meta'
[1.070s] INFO:colcon.colcon_metadata.package_discovery.colcon_meta:Using configuration from '/root/.colcon/metadata/default/fastdds.meta'
[1.071s] INFO:colcon.colcon_metadata.package_discovery.colcon_meta:Using configuration from '/root/.colcon/metadata/default/fastrtps.meta'
[1.071s] Level 1:colcon.colcon_core.package_discovery:discover_packages(recursive) check parameters
[1.072s] Level 1:colcon.colcon_core.package_discovery:discover_packages(ignore) check parameters
[1.072s] Level 1:colcon.colcon_core.package_discovery:discover_packages(path) check parameters
[1.072s] Level 1:colcon.colcon_core.package_discovery:discover_packages(colcon_meta) discover
[1.072s] Level 1:colcon.colcon_core.package_discovery:discover_packages(recursive) discover
[1.072s] INFO:colcon.colcon_core.package_discovery:Crawling recursively for packages in '/sim_ws/src/f1tenth_gym_ros/state_machine'
[1.072s] Level 1:colcon.colcon_core.package_identification:_identify(.) by extensions ['ignore', 'ignore_ament_install']
[1.072s] Level 1:colcon.colcon_core.package_identification:_identify(.) by extension 'ignore'
[1.072s] Level 1:colcon.colcon_core.package_identification:_identify(.) by extension 'ignore_ament_install'
[1.073s] Level 1:colcon.colcon_core.package_identification:_identify(.) by extensions ['colcon_pkg']
[1.073s] Level 1:colcon.colcon_core.package_identification:_identify(.) by extension 'colcon_pkg'
[1.073s] Level 1:colcon.colcon_core.package_identification:_identify(.) by extensions ['colcon_meta']
[1.073s] Level 1:colcon.colcon_core.package_identification:_identify(.) by extension 'colcon_meta'
[1.073s] Level 1:colcon.colcon_core.package_identification:_identify(.) by extensions ['ros']
[1.073s] Level 1:colcon.colcon_core.package_identification:_identify(.) by extension 'ros'
[1.170s] Level 1:colcon.colcon_core.package_identification:_identify(.) by extensions ['cmake', 'python']
[1.170s] Level 1:colcon.colcon_core.package_identification:_identify(.) by extension 'cmake'
[1.171s] Level 1:colcon.colcon_core.package_identification:_identify(.) by extension 'python'
[1.171s] Level 1:colcon.colcon_core.package_identification:_identify(.) by extensions ['python_setup_py']
[1.171s] Level 1:colcon.colcon_core.package_identification:_identify(.) by extension 'python_setup_py'
[1.171s] Level 1:colcon.colcon_core.package_identification:_identify(build) by extensions ['ignore', 'ignore_ament_install']
[1.171s] Level 1:colcon.colcon_core.package_identification:_identify(build) by extension 'ignore'
[1.171s] Level 1:colcon.colcon_core.package_identification:_identify(build) ignored
[1.172s] Level 1:colcon.colcon_core.package_identification:_identify(install) by extensions ['ignore', 'ignore_ament_install']
[1.172s] Level 1:colcon.colcon_core.package_identification:_identify(install) by extension 'ignore'
[1.172s] Level 1:colcon.colcon_core.package_identification:_identify(install) ignored
[1.172s] Level 1:colcon.colcon_core.package_identification:_identify(log) by extensions ['ignore', 'ignore_ament_install']
[1.172s] Level 1:colcon.colcon_core.package_identification:_identify(log) by extension 'ignore'
[1.172s] Level 1:colcon.colcon_core.package_identification:_identify(log) ignored
[1.173s] Level 1:colcon.colcon_core.package_identification:_identify(state_machine_pkg) by extensions ['ignore', 'ignore_ament_install']
[1.173s] Level 1:colcon.colcon_core.package_identification:_identify(state_machine_pkg) by extension 'ignore'
[1.173s] Level 1:colcon.colcon_core.package_identification:_identify(state_machine_pkg) by extension 'ignore_ament_install'
[1.173s] Level 1:colcon.colcon_core.package_identification:_identify(state_machine_pkg) by extensions ['colcon_pkg']
[1.173s] Level 1:colcon.colcon_core.package_identification:_identify(state_machine_pkg) by extension 'colcon_pkg'
[1.174s] Level 1:colcon.colcon_core.package_identification:_identify(state_machine_pkg) by extensions ['colcon_meta']
[1.174s] Level 1:colcon.colcon_core.package_identification:_identify(state_machine_pkg) by extension 'colcon_meta'
[1.174s] Level 1:colcon.colcon_core.package_identification:_identify(state_machine_pkg) by extensions ['ros']
[1.174s] Level 1:colcon.colcon_core.package_identification:_identify(state_machine_pkg) by extension 'ros'
[1.184s] DEBUG:colcon.colcon_core.package_identification:Package 'state_machine_pkg' with type 'ros.ament_python' and name 'state_machine_pkg'
[1.184s] Level 1:colcon.colcon_core.package_discovery:discover_packages(recursive) using defaults
[1.184s] Level 1:colcon.colcon_core.package_discovery:discover_packages(ignore) discover
[1.184s] Level 1:colcon.colcon_core.package_discovery:discover_packages(ignore) using defaults
[1.184s] Level 1:colcon.colcon_core.package_discovery:discover_packages(path) discover
[1.184s] Level 1:colcon.colcon_core.package_discovery:discover_packages(path) using defaults
[1.251s] Level 5:colcon.colcon_core.verb:set package 'state_machine_pkg' build argument 'cmake_args' from command line to 'None'
[1.251s] Level 5:colcon.colcon_core.verb:set package 'state_machine_pkg' build argument 'cmake_target' from command line to 'None'
[1.251s] Level 5:colcon.colcon_core.verb:set package 'state_machine_pkg' build argument 'cmake_target_skip_unavailable' from command line to 'False'
[1.251s] Level 5:colcon.colcon_core.verb:set package 'state_machine_pkg' build argument 'cmake_clean_cache' from command line to 'False'
[1.251s] Level 5:colcon.colcon_core.verb:set package 'state_machine_pkg' build argument 'cmake_clean_first' from command line to 'False'
[1.252s] Level 5:colcon.colcon_core.verb:set package 'state_machine_pkg' build argument 'cmake_force_configure' from command line to 'False'
[1.252s] Level 5:colcon.colcon_core.verb:set package 'state_machine_pkg' build argument 'ament_cmake_args' from command line to 'None'
[1.252s] Level 5:colcon.colcon_core.verb:set package 'state_machine_pkg' build argument 'catkin_cmake_args' from command line to 'None'
[1.252s] Level 5:colcon.colcon_core.verb:set package 'state_machine_pkg' build argument 'catkin_skip_building_tests' from command line to 'False'
[1.252s] DEBUG:colcon.colcon_core.verb:Building package 'state_machine_pkg' with the following arguments: {'ament_cmake_args': None, 'build_base': '/sim_ws/src/f1tenth_gym_ros/state_machine/build/state_machine_pkg', 'catkin_cmake_args': None, 'catkin_skip_building_tests': False, 'cmake_args': None, 'cmake_clean_cache': False, 'cmake_clean_first': False, 'cmake_force_configure': False, 'cmake_target': None, 'cmake_target_skip_unavailable': False, 'install_base': '/sim_ws/src/f1tenth_gym_ros/state_machine/install/state_machine_pkg', 'merge_install': False, 'path': '/sim_ws/src/f1tenth_gym_ros/state_machine/state_machine_pkg', 'symlink_install': False, 'test_result_base': None}
[1.253s] INFO:colcon.colcon_core.executor:Executing jobs using 'parallel' executor
[1.260s] DEBUG:colcon.colcon_parallel_executor.executor.parallel:run_until_complete
[1.260s] INFO:colcon.colcon_ros.task.ament_python.build:Building ROS package in '/sim_ws/src/f1tenth_gym_ros/state_machine/state_machine_pkg' with build type 'ament_python'
[1.260s] Level 1:colcon.colcon_core.shell:create_environment_hook('state_machine_pkg', 'ament_prefix_path')
[1.282s] INFO:colcon.colcon_core.plugin_system:Skipping extension 'colcon_core.shell.bat': Not used on non-Windows systems
[1.282s] INFO:colcon.colcon_core.shell:Creating environment hook '/sim_ws/src/f1tenth_gym_ros/state_machine/install/state_machine_pkg/share/state_machine_pkg/hook/ament_prefix_path.ps1'
[1.285s] INFO:colcon.colcon_core.shell:Creating environment descriptor '/sim_ws/src/f1tenth_gym_ros/state_machine/install/state_machine_pkg/share/state_machine_pkg/hook/ament_prefix_path.dsv'
[1.286s] INFO:colcon.colcon_core.shell:Creating environment hook '/sim_ws/src/f1tenth_gym_ros/state_machine/install/state_machine_pkg/share/state_machine_pkg/hook/ament_prefix_path.sh'
[1.290s] INFO:colcon.colcon_core.shell:Skip shell extension 'powershell' for command environment: Not usable outside of PowerShell
[1.290s] DEBUG:colcon.colcon_core.shell:Skip shell extension 'dsv' for command environment
[1.804s] INFO:colcon.colcon_core.task.python.build:Building Python package in '/sim_ws/src/f1tenth_gym_ros/state_machine/state_machine_pkg'
[1.807s] INFO:colcon.colcon_core.shell:Skip shell extension 'powershell' for command environment: Not usable outside of PowerShell
[1.808s] DEBUG:colcon.colcon_core.shell:Skip shell extension 'dsv' for command environment
[2.755s] DEBUG:colcon.colcon_core.event_handler.log_command:Invoking command in '/sim_ws/src/f1tenth_gym_ros/state_machine/state_machine_pkg': PYTHONPATH=/sim_ws/src/f1tenth_gym_ros/state_machine/build/state_machine_pkg/prefix_override:/sim_ws/src/f1tenth_gym_ros/state_machine/install/state_machine_pkg/lib/python3.8/site-packages:${PYTHONPATH} /usr/bin/python3 setup.py egg_info --egg-base ../build/state_machine_pkg build --build-base /sim_ws/src/f1tenth_gym_ros/state_machine/build/state_machine_pkg/build install --record /sim_ws/src/f1tenth_gym_ros/state_machine/build/state_machine_pkg/install.log --install-scripts $base/lib/state_machine_pkg --single-version-externally-managed
[3.403s] DEBUG:colcon.colcon_core.event_handler.log_command:Invoked command in '/sim_ws/src/f1tenth_gym_ros/state_machine/state_machine_pkg' returned '0': PYTHONPATH=/sim_ws/src/f1tenth_gym_ros/state_machine/build/state_machine_pkg/prefix_override:/sim_ws/src/f1tenth_gym_ros/state_machine/install/state_machine_pkg/lib/python3.8/site-packages:${PYTHONPATH} /usr/bin/python3 setup.py egg_info --egg-base ../build/state_machine_pkg build --build-base /sim_ws/src/f1tenth_gym_ros/state_machine/build/state_machine_pkg/build install --record /sim_ws/src/f1tenth_gym_ros/state_machine/build/state_machine_pkg/install.log --install-scripts $base/lib/state_machine_pkg --single-version-externally-managed
[3.429s] Level 1:colcon.colcon_core.environment:checking '/sim_ws/src/f1tenth_gym_ros/state_machine/install/state_machine_pkg' for CMake module files
[3.432s] Level 1:colcon.colcon_core.environment:checking '/sim_ws/src/f1tenth_gym_ros/state_machine/install/state_machine_pkg' for CMake config files
[3.434s] Level 1:colcon.colcon_core.environment:checking '/sim_ws/src/f1tenth_gym_ros/state_machine/install/state_machine_pkg/lib'
[3.435s] Level 1:colcon.colcon_core.environment:checking '/sim_ws/src/f1tenth_gym_ros/state_machine/install/state_machine_pkg/bin'
[3.435s] Level 1:colcon.colcon_core.environment:checking '/sim_ws/src/f1tenth_gym_ros/state_machine/install/state_machine_pkg/lib/pkgconfig/state_machine_pkg.pc'
[3.436s] Level 1:colcon.colcon_core.environment:checking '/sim_ws/src/f1tenth_gym_ros/state_machine/install/state_machine_pkg/lib/python3.8/site-packages'
[3.436s] Level 1:colcon.colcon_core.shell:create_environment_hook('state_machine_pkg', 'pythonpath')
[3.438s] INFO:colcon.colcon_core.shell:Creating environment hook '/sim_ws/src/f1tenth_gym_ros/state_machine/install/state_machine_pkg/share/state_machine_pkg/hook/pythonpath.ps1'
[3.439s] INFO:colcon.colcon_core.shell:Creating environment descriptor '/sim_ws/src/f1tenth_gym_ros/state_machine/install/state_machine_pkg/share/state_machine_pkg/hook/pythonpath.dsv'
[3.440s] INFO:colcon.colcon_core.shell:Creating environment hook '/sim_ws/src/f1tenth_gym_ros/state_machine/install/state_machine_pkg/share/state_machine_pkg/hook/pythonpath.sh'
[3.442s] Level 1:colcon.colcon_core.environment:checking '/sim_ws/src/f1tenth_gym_ros/state_machine/install/state_machine_pkg/bin'
[3.442s] Level 1:colcon.colcon_core.environment:create_environment_scripts_only(state_machine_pkg)
[3.449s] INFO:colcon.colcon_core.shell:Creating package script '/sim_ws/src/f1tenth_gym_ros/state_machine/install/state_machine_pkg/share/state_machine_pkg/package.ps1'
[3.451s] INFO:colcon.colcon_core.shell:Creating package descriptor '/sim_ws/src/f1tenth_gym_ros/state_machine/install/state_machine_pkg/share/state_machine_pkg/package.dsv'
[3.454s] INFO:colcon.colcon_core.shell:Creating package script '/sim_ws/src/f1tenth_gym_ros/state_machine/install/state_machine_pkg/share/state_machine_pkg/package.sh'
[3.456s] INFO:colcon.colcon_core.shell:Creating package script '/sim_ws/src/f1tenth_gym_ros/state_machine/install/state_machine_pkg/share/state_machine_pkg/package.bash'
[3.458s] INFO:colcon.colcon_core.shell:Creating package script '/sim_ws/src/f1tenth_gym_ros/state_machine/install/state_machine_pkg/share/state_machine_pkg/package.zsh'
[3.459s] Level 1:colcon.colcon_core.environment:create_file_with_runtime_dependencies(/sim_ws/src/f1tenth_gym_ros/state_machine/install/state_machine_pkg/share/colcon-core/packages/state_machine_pkg)
[3.460s] DEBUG:colcon.colcon_parallel_executor.executor.parallel:closing loop
[3.463s] DEBUG:colcon.colcon_parallel_executor.executor.parallel:loop closed
[3.463s] DEBUG:colcon.colcon_parallel_executor.executor.parallel:run_until_complete finished with '0'
[3.463s] DEBUG:colcon.colcon_core.event_reactor:joining thread
[3.489s] INFO:colcon.colcon_core.plugin_system:Skipping extension 'colcon_notification.desktop_notification.notify_send': Could not find 'notify-send'
[3.489s] INFO:colcon.colcon_core.plugin_system:Skipping extension 'colcon_notification.desktop_notification.terminal_notifier': Not used on non-Darwin systems
[3.490s] INFO:colcon.colcon_core.plugin_system:Skipping extension 'colcon_notification.desktop_notification.win32': Not used on non-Windows systems
[3.490s] INFO:colcon.colcon_notification.desktop_notification:Sending desktop notification using 'notify2'
[3.495s] DEBUG:colcon.colcon_notification.desktop_notification.notify2:Failed to initialize notify2: org.freedesktop.DBus.Error.Spawn.ExecFailed: /usr/bin/dbus-launch terminated abnormally without any error message
[3.495s] DEBUG:colcon.colcon_core.event_reactor:joined thread
[3.501s] INFO:colcon.colcon_core.shell:Creating prefix script '/sim_ws/src/f1tenth_gym_ros/state_machine/install/local_setup.ps1'
[3.503s] INFO:colcon.colcon_core.shell:Creating prefix util module '/sim_ws/src/f1tenth_gym_ros/state_machine/install/_local_setup_util_ps1.py'
[3.507s] INFO:colcon.colcon_core.shell:Creating prefix chain script '/sim_ws/src/f1tenth_gym_ros/state_machine/install/setup.ps1'
[3.513s] INFO:colcon.colcon_core.shell:Creating prefix script '/sim_ws/src/f1tenth_gym_ros/state_machine/install/local_setup.sh'
[3.514s] INFO:colcon.colcon_core.shell:Creating prefix util module '/sim_ws/src/f1tenth_gym_ros/state_machine/install/_local_setup_util_sh.py'
[3.519s] INFO:colcon.colcon_core.shell:Creating prefix chain script '/sim_ws/src/f1tenth_gym_ros/state_machine/install/setup.sh'
[3.524s] INFO:colcon.colcon_core.shell:Creating prefix script '/sim_ws/src/f1tenth_gym_ros/state_machine/install/local_setup.bash'
[3.525s] INFO:colcon.colcon_core.shell:Creating prefix chain script '/sim_ws/src/f1tenth_gym_ros/state_machine/install/setup.bash'
[3.529s] INFO:colcon.colcon_core.shell:Creating prefix script '/sim_ws/src/f1tenth_gym_ros/state_machine/install/local_setup.zsh'
[3.533s] INFO:colcon.colcon_core.shell:Creating prefix chain script '/sim_ws/src/f1tenth_gym_ros/state_machine/install/setup.zsh'
