[0.882s] Invoking command in '/sim_ws/src/f1tenth_gym_ros/state_machine/state_machine_pkg': PYTHONPATH=/sim_ws/src/f1tenth_gym_ros/state_machine/build/state_machine_pkg/prefix_override:/sim_ws/src/f1tenth_gym_ros/state_machine/install/state_machine_pkg/lib/python3.8/site-packages:${PYTHONPATH} /usr/bin/python3 setup.py egg_info --egg-base ../build/state_machine_pkg build --build-base /sim_ws/src/f1tenth_gym_ros/state_machine/build/state_machine_pkg/build install --record /sim_ws/src/f1tenth_gym_ros/state_machine/build/state_machine_pkg/install.log --install-scripts $base/lib/state_machine_pkg --single-version-externally-managed
[1.122s] running egg_info
[1.123s] writing ../build/state_machine_pkg/state_machine_pkg.egg-info/PKG-INFO
[1.124s] writing dependency_links to ../build/state_machine_pkg/state_machine_pkg.egg-info/dependency_links.txt
[1.124s] writing entry points to ../build/state_machine_pkg/state_machine_pkg.egg-info/entry_points.txt
[1.124s] writing requirements to ../build/state_machine_pkg/state_machine_pkg.egg-info/requires.txt
[1.125s] writing top-level names to ../build/state_machine_pkg/state_machine_pkg.egg-info/top_level.txt
[1.168s] reading manifest file '../build/state_machine_pkg/state_machine_pkg.egg-info/SOURCES.txt'
[1.169s] writing manifest file '../build/state_machine_pkg/state_machine_pkg.egg-info/SOURCES.txt'
[1.170s] running build
[1.170s] running build_py
[1.170s] copying state_machine_pkg/state_machine_node.py -> /sim_ws/src/f1tenth_gym_ros/state_machine/build/state_machine_pkg/build/lib/state_machine_pkg
[1.172s] running install
[1.172s] running install_lib
[1.173s] copying /sim_ws/src/f1tenth_gym_ros/state_machine/build/state_machine_pkg/build/lib/state_machine_pkg/state_machine_node.py -> /sim_ws/src/f1tenth_gym_ros/state_machine/install/state_machine_pkg/lib/python3.8/site-packages/state_machine_pkg
[1.175s] byte-compiling /sim_ws/src/f1tenth_gym_ros/state_machine/install/state_machine_pkg/lib/python3.8/site-packages/state_machine_pkg/state_machine_node.py to state_machine_node.cpython-38.pyc
[1.178s] running install_data
[1.180s] running install_egg_info
[1.182s] removing '/sim_ws/src/f1tenth_gym_ros/state_machine/install/state_machine_pkg/lib/python3.8/site-packages/state_machine_pkg-0.0.0-py3.8.egg-info' (and everything under it)
[1.183s] Copying ../build/state_machine_pkg/state_machine_pkg.egg-info to /sim_ws/src/f1tenth_gym_ros/state_machine/install/state_machine_pkg/lib/python3.8/site-packages/state_machine_pkg-0.0.0-py3.8.egg-info
[1.187s] running install_scripts
[1.215s] Installing state_machine_node script to /sim_ws/src/f1tenth_gym_ros/state_machine/install/state_machine_pkg/lib/state_machine_pkg
[1.216s] writing list of installed files to '/sim_ws/src/f1tenth_gym_ros/state_machine/build/state_machine_pkg/install.log'
[1.264s] Invoked command in '/sim_ws/src/f1tenth_gym_ros/state_machine/state_machine_pkg' returned '0': PYTHONPATH=/sim_ws/src/f1tenth_gym_ros/state_machine/build/state_machine_pkg/prefix_override:/sim_ws/src/f1tenth_gym_ros/state_machine/install/state_machine_pkg/lib/python3.8/site-packages:${PYTHONPATH} /usr/bin/python3 setup.py egg_info --egg-base ../build/state_machine_pkg build --build-base /sim_ws/src/f1tenth_gym_ros/state_machine/build/state_machine_pkg/build install --record /sim_ws/src/f1tenth_gym_ros/state_machine/build/state_machine_pkg/install.log --install-scripts $base/lib/state_machine_pkg --single-version-externally-managed
